<?xml version="1.0" encoding="UTF-8"?>
<!-- Generated by org.testng.reporters.JUnitReportReporter -->
<testsuite hostname="R_A_J" failures="0" tests="1" name="testCases.TC001_Verify_Acc_Reg" time="2.299" errors="0" timestamp="2025-04-13T01:14:53 IST" skipped="0">
  <testcase classname="testCases.TC001_Verify_Acc_Reg" name="verifyAccountReg" time="2.299"/>
</testsuite> <!-- testCases.TC001_Verify_Acc_Reg -->
